1505095446.230824 client started (71882): version 2.5, socket /private/tmp/tmux-501/default, protocol 8
1505095446.230869 on Darwin 15.5.0 Darwin Kernel Version 15.5.0: Tue Apr 19 18:36:36 PDT 2016; root:xnu-3248.50.21~8/RELEASE_X86_64; libevent 2.1.8-stable (select)
1505095446.230911 socket is /private/tmp/tmux-501/default
1505095446.230930 trying connect
1505095446.231028 add peer 0x7ff389801c00: 6 (0x0)
1505095446.246476 sending message 100 to peer 0x7ff389801c00 (4 bytes)
1505095446.246509 sending message 101 to peer 0x7ff389801c00 (16 bytes)
1505095446.246520 sending message 102 to peer 0x7ff389801c00 (13 bytes)
1505095446.246527 sending message 108 to peer 0x7ff389801c00 (57 bytes)
1505095446.246539 sending message 104 to peer 0x7ff389801c00 (0 bytes)
1505095446.246546 sending message 107 to peer 0x7ff389801c00 (4 bytes)
1505095446.246552 sending message 105 to peer 0x7ff389801c00 (63 bytes)
1505095446.246558 sending message 105 to peer 0x7ff389801c00 (19 bytes)
1505095446.246564 sending message 105 to peer 0x7ff389801c00 (76 bytes)
1505095446.246570 sending message 105 to peer 0x7ff389801c00 (165 bytes)
1505095446.246575 sending message 105 to peer 0x7ff389801c00 (14 bytes)
1505095446.246581 sending message 105 to peer 0x7ff389801c00 (25 bytes)
1505095446.246587 sending message 105 to peer 0x7ff389801c00 (536 bytes)
1505095446.246592 sending message 105 to peer 0x7ff389801c00 (42 bytes)
1505095446.246604 sending message 105 to peer 0x7ff389801c00 (37 bytes)
1505095446.246611 sending message 105 to peer 0x7ff389801c00 (15 bytes)
1505095446.246616 sending message 105 to peer 0x7ff389801c00 (20 bytes)
1505095446.246622 sending message 105 to peer 0x7ff389801c00 (67 bytes)
1505095446.246627 sending message 105 to peer 0x7ff389801c00 (20 bytes)
1505095446.246632 sending message 105 to peer 0x7ff389801c00 (22 bytes)
1505095446.246637 sending message 105 to peer 0x7ff389801c00 (61 bytes)
1505095446.246642 sending message 105 to peer 0x7ff389801c00 (48 bytes)
1505095446.246648 sending message 105 to peer 0x7ff389801c00 (24 bytes)
1505095446.246653 sending message 105 to peer 0x7ff389801c00 (23 bytes)
1505095446.246659 sending message 105 to peer 0x7ff389801c00 (14 bytes)
1505095446.246664 sending message 105 to peer 0x7ff389801c00 (15 bytes)
1505095446.246670 sending message 105 to peer 0x7ff389801c00 (8 bytes)
1505095446.246675 sending message 105 to peer 0x7ff389801c00 (16 bytes)
1505095446.246720 sending message 105 to peer 0x7ff389801c00 (32 bytes)
1505095446.246731 sending message 105 to peer 0x7ff389801c00 (13 bytes)
1505095446.246737 sending message 105 to peer 0x7ff389801c00 (57 bytes)
1505095446.246744 sending message 105 to peer 0x7ff389801c00 (11 bytes)
1505095446.246750 sending message 105 to peer 0x7ff389801c00 (1506 bytes)
1505095446.246770 sending message 105 to peer 0x7ff389801c00 (61 bytes)
1505095446.246777 sending message 105 to peer 0x7ff389801c00 (33 bytes)
1505095446.246782 sending message 105 to peer 0x7ff389801c00 (16 bytes)
1505095446.246788 sending message 105 to peer 0x7ff389801c00 (384 bytes)
1505095446.246793 sending message 105 to peer 0x7ff389801c00 (43 bytes)
1505095446.246799 sending message 105 to peer 0x7ff389801c00 (15 bytes)
1505095446.246804 sending message 105 to peer 0x7ff389801c00 (37 bytes)
1505095446.246810 sending message 105 to peer 0x7ff389801c00 (24 bytes)
1505095446.246815 sending message 105 to peer 0x7ff389801c00 (15 bytes)
1505095446.246821 sending message 105 to peer 0x7ff389801c00 (8 bytes)
1505095446.246827 sending message 105 to peer 0x7ff389801c00 (56 bytes)
1505095446.246833 sending message 105 to peer 0x7ff389801c00 (66 bytes)
1505095446.246838 sending message 105 to peer 0x7ff389801c00 (21 bytes)
1505095446.246843 sending message 105 to peer 0x7ff389801c00 (23 bytes)
1505095446.246849 sending message 105 to peer 0x7ff389801c00 (28 bytes)
1505095446.246854 sending message 105 to peer 0x7ff389801c00 (60 bytes)
1505095446.246860 sending message 105 to peer 0x7ff389801c00 (57 bytes)
1505095446.246865 sending message 105 to peer 0x7ff389801c00 (43 bytes)
1505095446.246870 sending message 105 to peer 0x7ff389801c00 (13 bytes)
1505095446.246893 sending message 105 to peer 0x7ff389801c00 (55 bytes)
1505095446.246900 sending message 105 to peer 0x7ff389801c00 (13 bytes)
1505095446.246908 sending message 105 to peer 0x7ff389801c00 (14 bytes)
1505095446.246914 sending message 105 to peer 0x7ff389801c00 (19 bytes)
1505095446.246924 sending message 105 to peer 0x7ff389801c00 (30 bytes)
1505095446.246931 sending message 105 to peer 0x7ff389801c00 (22 bytes)
1505095446.246937 sending message 105 to peer 0x7ff389801c00 (38 bytes)
1505095446.246943 sending message 105 to peer 0x7ff389801c00 (49 bytes)
1505095446.246949 sending message 105 to peer 0x7ff389801c00 (17 bytes)
1505095446.246954 sending message 105 to peer 0x7ff389801c00 (15 bytes)
1505095446.246959 sending message 106 to peer 0x7ff389801c00 (0 bytes)
1505095446.247187 sending message 200 to peer 0x7ff389801c00 (4 bytes)
1505095446.247199 client loop enter
1505095446.247912 peer 0x7ff389801c00 message 211
1505095446.247936 peer 0x7ff389801c00 message 203
1505095446.247945 client loop exit
